<?xml version="1.0" encoding="UTF-8"?>
<!-- Generated by org.testng.reporters.JUnitReportReporter -->
<testsuite hostname="DESKTOP-PLO1IHU" name="driverFactory.TestScript" tests="1" failures="0" timestamp="11 Jul 2022 08:26:42 GMT" time="11.011" errors="0">
  <testcase name="validateemp" time="11.011" classname="driverFactory.TestScript"/>
</testsuite> <!-- driverFactory.TestScript -->
