<?xml version="1.0" encoding="UTF-8"?>
<!-- Generated by org.testng.reporters.JUnitReportReporter -->
<testsuite hostname="DESKTOP-PLO1IHU" name="driverFactory.POMDriverScript" tests="1" failures="0" timestamp="11 Jul 2022 14:27:25 GMT" time="150.720" errors="0">
  <testcase name="empcreation" time="150.720" classname="driverFactory.POMDriverScript"/>
</testsuite> <!-- driverFactory.POMDriverScript -->
